<?xml version="1.0" encoding="utf-8"?><testsuites name="pytest tests"><testsuite name="pytest" errors="0" failures="0" skipped="0" tests="141" time="12.911" timestamp="2026-09-09T09:36:00.973050+10:00" hostname="localhost"><testcase classname="tests.test_admiration_respect" name="test_admiration_increases_respect" time="0.000" /><testcase classname="tests.test_advanced_affect" name="test_profile_reactivity_changes_same_event_response" time="0.000" /><testcase classname="tests.test_advanced_affect" name="test_positive_and_negative_profile_biases_are_separate" time="0.000" /><testcase classname="tests.test_advanced_affect" name="test_fatima_compound_anger_is_direct_occ_emotion" time="0.000" /><testcase classname="tests.test_advanced_affect" name="test_fatima_compound_gratitude_is_direct_occ_emotion" time="0.000" /><testcase classname="tests.test_advanced_affect" name="test_mood_bias_only_affects_ambiguous_appraisal" time="0.000" /><testcase classname="tests.test_advanced_affect" name="test_mood_cannot_flip_explicit_semantic_fact_when_ambiguity_zero" time="0.000" /><testcase classname="tests.test_advanced_affect" name="test_habituation_extension_is_isolated_and_reduces_repeats" time="0.000" /><testcase classname="tests.test_advanced_affect" name="test_mixed_feelings_joy_and_fatima_anger_can_coexist" time="0.000" /><testcase classname="tests.test_advanced_affect" name="test_fatima_mood_relaxes_after_emotions_are_gone" time="0.000" /><testcase classname="tests.test_advanced_affect" name="test_fatima_goal_probability_drop_to_zero_is_disappointment" time="0.000" /><testcase classname="tests.test_advanced_affect" name="test_fatima_goal_probability_rise_to_one_from_low_is_relief" time="0.000" /><testcase classname="tests.test_advanced_affect" name="test_fatima_goal_probability_rise_to_one_from_high_is_satisfaction" time="0.000" /><testcase classname="tests.test_advanced_affect" name="test_fatima_goal_probability_drop_to_zero_from_low_is_fears_confirmed" time="0.000" /><testcase classname="tests.test_advanced_affect" name="test_fatima_fortune_of_others_quadrants" time="0.000" /><testcase classname="tests.test_advanced_affect" name="test_fatima_reinforce_uses_log_sum_exp_and_increases_active_emotion" time="0.000" /><testcase classname="tests.test_advanced_affect" name="test_alma_anger_pad_mapping_is_exact" time="0.000" /><testcase classname="tests.test_advanced_affect" name="test_alma_virtual_emotion_center_sums_pad_then_clamps" time="0.001" /><testcase classname="tests.test_advanced_affect" name="test_alma_ocean_to_pad_coefficients_are_exact" time="0.000" /><testcase classname="tests.test_advanced_affect" name="test_long_stress_sequence_stays_bounded" time="1.122" /><testcase classname="tests.test_affective_engine" name="test_saturating_repeated_distinct_causes" time="0.000" /><testcase classname="tests.test_affective_engine" name="test_same_cause_exact_replay_is_matrix_idempotent_adapter" time="0.000" /><testcase classname="tests.test_affective_engine" name="test_fatima_threshold_is_subtracted_from_potential" time="0.000" /><testcase classname="tests.test_affective_engine" name="test_fatima_mood_influences_reappraisal_potential" time="0.000" /><testcase classname="tests.test_affective_engine" name="test_cross_emotion_reappraisal_replaces_old_slot_without_mood_repush" time="0.000" /><testcase classname="tests.test_affective_engine" name="test_same_cause_different_appraisal_channels_can_coexist" time="0.000" /><testcase classname="tests.test_affective_engine" name="test_reappraisal_below_threshold_extinguishes_prior_cause" time="0.000" /><testcase classname="tests.test_affective_engine" name="test_fatima_half_life_decay_mapping" time="0.000" /><testcase classname="tests.test_affective_engine" name="test_fatima_hope_and_fear_do_not_influence_mood" time="0.000" /><testcase classname="tests.test_affective_engine" name="test_fatima_mood_update_factor_is_point_three" time="0.000" /><testcase classname="tests.test_affective_engine" name="test_persistent_affect_is_entity_scoped" time="0.000" /><testcase classname="tests.test_affective_engine" name="test_explicit_zero_cancels_old_semantic_contribution" time="0.000" /><testcase classname="tests.test_affective_engine" name="test_below_threshold_new_evidence_is_ignored" time="0.000" /><testcase classname="tests.test_affective_engine" name="test_many_distinct_causes_never_exceed_one" time="0.293" /><testcase classname="tests.test_appraisal_clamp" name="test_all_scalar_appraisal_outputs_are_bounded" time="0.000" /><testcase classname="tests.test_attitude_sign" name="test_attitude_sign_maps_to_love_and_hate" time="0.000" /><testcase classname="tests.test_attraction_ownership" name="test_general_positive_affect_does_not_invent_attraction" time="0.000" /><testcase classname="tests.test_aversion_independence" name="test_affection_and_aversion_can_coexist" time="0.000" /><testcase classname="tests.test_batch_equivalence" name="test_process_many_matches_sequential_processing" time="0.001" /><testcase classname="tests.test_behavioral_audit" name="test_late_semantic_correction_fully_reverses_persistent_affect" time="0.000" /><testcase classname="tests.test_behavioral_audit" name="test_late_reappraisal_negative_to_positive_has_no_negative_residue" time="0.000" /><testcase classname="tests.test_behavioral_audit" name="test_reinforcement_updates_persistent_affect_by_delta_only" time="0.000" /><testcase classname="tests.test_behavioral_audit" name="test_replaying_same_event_remains_persistent_idempotent" time="0.000" /><testcase classname="tests.test_behavioral_audit" name="test_duplicate_delivery_does_not_consume_future_habituation" time="0.000" /><testcase classname="tests.test_behavioral_audit" name="test_habituation_still_counts_distinct_evidence" time="0.000" /><testcase classname="tests.test_causal_slot_identity" name="test_slot_identity_is_cause_channel_target_not_emotion_type" time="0.000" /><testcase classname="tests.test_compound_scenarios" name="test_helpful_other_action_yields_gratitude_not_duplicate_joy_admiration" time="0.001" /><testcase classname="tests.test_compound_scenarios" name="test_harmful_other_action_yields_anger" time="0.000" /><testcase classname="tests.test_correction_cycles" name="test_repeated_negative_positive_corrections_do_not_drift" time="0.004" /><testcase classname="tests.test_correction_mood_boundary" name="test_correction_does_not_retroactively_erase_mood_history" time="0.000" /><testcase classname="tests.test_cross_target_reappraisal" name="test_correcting_one_person_never_changes_another_person" time="0.001" /><testcase classname="tests.test_decay_monotonic" name="test_single_emotion_decay_is_monotonic" time="0.000" /><testcase classname="tests.test_empty_batch" name="test_empty_batch_is_noop" time="0.000" /><testcase classname="tests.test_empty_emotion_state" name="test_empty_state_is_neutral_and_finite" time="0.000" /><testcase classname="tests.test_extinction_cleanup" name="test_transient_contribution_is_garbage_collected_after_long_decay" time="0.000" /><testcase classname="tests.test_extreme_decay" name="test_extreme_decay_time_is_safe" time="0.000" /><testcase classname="tests.test_fortune_other_scenarios" name="test_happy_for" time="0.000" /><testcase classname="tests.test_fortune_other_scenarios" name="test_gloating" time="0.000" /><testcase classname="tests.test_fortune_other_scenarios" name="test_resentment" time="0.000" /><testcase classname="tests.test_fortune_other_scenarios" name="test_pity" time="0.000" /><testcase classname="tests.test_habituation_key_isolation" name="test_different_habituation_keys_do_not_affect_each_other" time="0.000" /><testcase classname="tests.test_habituation_scenarios" name="test_repeated_unique_equivalent_events_habituate_but_do_not_vanish" time="0.001" /><testcase classname="tests.test_life_simulation_scenarios" name="test_betrayal_apology_and_repair_requires_consistent_actions" time="0.001" /><testcase classname="tests.test_life_simulation_scenarios" name="test_replaying_repair_events_does_not_accelerate_forgiveness" time="0.000" /><testcase classname="tests.test_life_simulation_scenarios" name="test_love_and_anger_can_coexist_without_erasing_attachment" time="0.000" /><testcase classname="tests.test_life_simulation_scenarios" name="test_unconfirmed_negative_report_is_weaker_than_confirmed_harm" time="0.000" /><testcase classname="tests.test_life_simulation_scenarios" name="test_habituation_reduces_repeated_small_positive_events_without_blocking_bonding" time="0.001" /><testcase classname="tests.test_life_simulation_scenarios" name="test_people_remain_isolated_under_opposite_histories" time="0.001" /><testcase classname="tests.test_life_simulation_scenarios" name="test_probability_arc_uses_prospect_emotions_before_outcome" time="0.001" /><testcase classname="tests.test_life_simulation_scenarios" name="test_long_scripted_relationship_simulation_has_plausible_end_state" time="0.004" /><testcase classname="tests.test_many_targets" name="test_many_targets_remain_separate" time="0.179" /><testcase classname="tests.test_mood_ambiguity" name="test_mood_biases_ambiguous_not_unambiguous_appraisal" time="0.000" /><testcase classname="tests.test_mood_decay_scenario" name="test_mood_recovers_toward_neutral_over_long_time" time="0.000" /><testcase classname="tests.test_mood_no_prospect_push" name="test_hope_and_fear_do_not_directly_push_mood" time="0.001" /><testcase classname="tests.test_mood_sign" name="test_positive_and_negative_emotions_push_mood_opposite_directions" time="0.000" /><testcase classname="tests.test_mood_threshold" name="test_tiny_mood_push_below_threshold_is_zeroed" time="0.000" /><testcase classname="tests.test_multi_cause_saturation" name="test_many_same_emotion_causes_saturate_without_exceeding_one" time="0.004" /><testcase classname="tests.test_multi_channel_same_cause" name="test_same_cause_different_channels_coexist_and_retract_independently" time="0.000" /><testcase classname="tests.test_negative_input" name="test_negative_intensity_does_not_activate_emotion" time="0.000" /><testcase classname="tests.test_no_cross_cause_replacement" name="test_reappraising_one_cause_does_not_replace_another_same_emotion_cause" time="0.000" /><testcase classname="tests.test_no_nan_inf" name="test_no_nan_or_inf_under_extreme_stress" time="0.372" /><testcase classname="tests.test_novelty_scenario" name="test_zero_novelty_suppresses_new_transient_appraisal" time="0.001" /><testcase classname="tests.test_novelty_scenario" name="test_full_novelty_allows_appraisal" time="0.000" /><testcase classname="tests.test_over_one_input" name="test_over_one_intensity_is_clamped" time="0.000" /><testcase classname="tests.test_persistent_baseline" name="test_positive_affection_event_does_not_invent_trust_change" time="0.000" /><testcase classname="tests.test_persistent_decay_independence" name="test_decay_alone_never_changes_persistent_affect" time="0.000" /><testcase classname="tests.test_persistent_dimensions" name="test_persistent_schema_keeps_relationship_dimensions_separate" time="0.000" /><testcase classname="tests.test_persistent_saturation" name="test_persistent_affect_saturates_safely" time="0.685" /><testcase classname="tests.test_persistent_saturation_retraction" name="test_saturated_many_cause_retraction_remains_bounded" time="0.032" /><testcase classname="tests.test_persistent_survives_transient" name="test_persistent_affect_survives_transient_emotion_decay" time="0.001" /><testcase classname="tests.test_personality_reactivity" name="test_negative_reactivity_changes_same_event_strength" time="0.001" /><testcase classname="tests.test_personality_reactivity" name="test_recovery_scale_changes_decay_rate" time="0.000" /><testcase classname="tests.test_profile_bounds" name="test_extreme_profile_reactivity_remains_bounded" time="0.000" /><testcase classname="tests.test_prospect_bounds" name="test_extreme_probabilities_are_clamped_before_prospect_appraisal" time="0.001" /><testcase classname="tests.test_prospect_no_change" name="test_unchanged_goal_probability_does_not_activate_prospect_emotion" time="0.000" /><testcase classname="tests.test_prototype" name="test_positive_event_end_to_end" time="0.000" /><testcase classname="tests.test_prototype" name="test_negative_action_uses_fatima_compound_anger" time="0.000" /><testcase classname="tests.test_prototype" name="test_unconfirmed_threat_uses_matrix_prospect_fallback_only" time="0.000" /><testcase classname="tests.test_prototype" name="test_other_good_action_is_fatima_admiration" time="0.001" /><testcase classname="tests.test_prototype" name="test_self_good_action_is_fatima_pride" time="0.001" /><testcase classname="tests.test_prototype" name="test_entity_attitude_ports_fatima_love_magic_factor" time="0.000" /><testcase classname="tests.test_prototype" name="test_negative_entity_attitude_ports_fatima_hate" time="0.001" /><testcase classname="tests.test_prototype" name="test_trace_preserves_before_after_with_fatima_threshold" time="0.000" /><testcase classname="tests.test_prototype" name="test_relationship_state_is_not_part_of_affective_state" time="0.000" /><testcase classname="tests.test_prototype" name="test_decay_available_end_to_end" time="0.002" /><testcase classname="tests.test_realistic_scenarios" name="test_broken_promise_then_correction_clears_false_resentment" time="0.000" /><testcase classname="tests.test_realistic_scenarios" name="test_independent_bad_events_accumulate_and_one_correction_only_removes_its_cause" time="0.000" /><testcase classname="tests.test_realistic_scenarios" name="test_mixed_feelings_toward_same_person_coexist" time="0.003" /><testcase classname="tests.test_realistic_scenarios" name="test_people_are_affectively_isolated" time="0.002" /><testcase classname="tests.test_realistic_scenarios" name="test_prospect_resolution_path_hope_to_disappointment" time="0.001" /><testcase classname="tests.test_realistic_scenarios" name="test_prospect_resolution_path_fear_to_relief" time="0.000" /><testcase classname="tests.test_realistic_scenarios" name="test_long_sequence_stays_bounded_and_keeps_entity_isolation" time="2.280" /><testcase classname="tests.test_reappraisal_mood" name="test_same_slot_reappraisal_does_not_push_mood_twice" time="0.001" /><testcase classname="tests.test_reappraisal_target_change" name="test_same_cause_retargeted_is_new_causal_slot" time="0.000" /><testcase classname="tests.test_reinforce_missing" name="test_reinforcing_missing_cause_is_safe_noop" time="0.000" /><testcase classname="tests.test_reinforcement_bounds" name="test_repeated_reinforcement_stays_bounded" time="0.001" /><testcase classname="tests.test_replay_after_decay" name="test_identical_replay_after_decay_is_idempotent_for_source_evidence" time="0.000" /><testcase classname="tests.test_respect_baseline" name="test_reproach_changes_trust_not_respect_in_matrix_extension" time="0.000" /><testcase classname="tests.test_retraction_after_extinction" name="test_retraction_after_transient_emotion_extinction_reverses_persistent_history" time="0.000" /><testcase classname="tests.test_same_habituation_key_unique_ids" name="test_unique_ids_same_kind_do_habituate" time="0.001" /><testcase classname="tests.test_scenario_fuzz" name="test_longitudinal_reappraisal_fuzz_preserves_invariants" time="6.352" /><testcase classname="tests.test_scenario_reversibility" name="test_many_independent_false_negative_claims_can_be_fully_retracted" time="0.168" /><testcase classname="tests.test_self_affect_boundary" name="test_self_pride_does_not_create_external_persistent_entity" time="0.002" /><testcase classname="tests.test_self_negative" name="test_self_harmful_action_yields_remorse" time="0.001" /><testcase classname="tests.test_self_positive" name="test_self_good_action_yields_gratification" time="0.000" /><testcase classname="tests.test_semantic_zero_scenario" name="test_strong_mood_cannot_create_emotion_from_zero_semantic_evidence" time="0.001" /><testcase classname="tests.test_snapshot_copy" name="test_snapshot_mutation_does_not_mutate_engine" time="0.000" /><testcase classname="tests.test_snapshot_determinism" name="test_same_sequence_is_deterministic" time="0.016" /><testcase classname="tests.test_source_pad_all_emotions" name="test_core_occ_emotions_have_pad_coordinates" time="0.000" /><testcase classname="tests.test_stress_invariants" name="test_randomized_state_never_leaves_bounds" time="0.924" /><testcase classname="tests.test_stress_invariants" name="test_same_event_reprocessed_is_idempotent_for_state" time="0.000" /><testcase classname="tests.test_stress_invariants" name="test_extreme_appraisal_inputs_are_clamped" time="0.000" /><testcase classname="tests.test_stress_invariants" name="test_reappraisal_to_zero_restores_persistent_delta_from_same_cause" time="0.000" /><testcase classname="tests.test_target_channel_identity" name="test_same_cause_channel_different_targets_are_independent" time="0.000" /><testcase classname="tests.test_targetless_persistent" name="test_targetless_emotion_never_creates_persistent_person" time="0.000" /><testcase classname="tests.test_threshold_scenario" name="test_below_disposition_threshold_does_not_activate" time="0.000" /><testcase classname="tests.test_threshold_scenario" name="test_above_threshold_activates_minus_threshold" time="0.000" /><testcase classname="tests.test_trace_integrity" name="test_trace_before_after_and_cause_are_consistent" time="0.000" /><testcase classname="tests.test_unknown_emotion_safe" name="test_unknown_emotion_is_bounded_and_does_not_corrupt_pad" time="0.001" /><testcase classname="tests.test_world_event_neutral" name="test_neutral_event_produces_no_affect" time="0.000" /><testcase classname="tests.test_zero_time" name="test_nonpositive_decay_is_noop" time="0.000" /></testsuite></testsuites>