<?xml version="1.0" encoding="utf-8"?><testsuites name="pytest tests"><testsuite name="pytest" errors="0" failures="0" skipped="0" tests="25" time="0.118" timestamp="2026-09-09T09:41:11.057705+10:00" hostname="localhost"><testcase classname="tests.test_atomic_rollback" name="test_atomic_rollback_on_supersede_failure" time="0.009" /><testcase classname="tests.test_delete_protection" name="test_repo_delete_fails_on_lineage_chain" time="0.004" /><testcase classname="tests.test_delete_protection" name="test_repo_delete_succeeds_on_isolated_record" time="0.003" /><testcase classname="tests.test_lineage_protection" name="test_lineage_deletion_protection_via_foreign_keys" time="0.004" /><testcase classname="tests.test_memory_admission" name="test_save_valid_record" time="0.004" /><testcase classname="tests.test_memory_admission" name="test_ignore_low_salience" time="0.002" /><testcase classname="tests.test_memory_admission" name="test_reject_missing_owner" time="0.002" /><testcase classname="tests.test_memory_admission" name="test_reject_missing_content" time="0.002" /><testcase classname="tests.test_memory_admission" name="test_ignore_duplicate" time="0.003" /><testcase classname="tests.test_memory_admission" name="test_custom_criteria" time="0.002" /><testcase classname="tests.test_memory_admission_authority" name="test_all_authorities_accepted_by_default" time="0.003" /><testcase classname="tests.test_memory_admission_authority" name="test_restrict_authorities" time="0.002" /><testcase classname="tests.test_memory_admission_authority" name="test_authority_hierarchy_in_conflict" time="0.003" /><testcase classname="tests.test_memory_admission_authority" name="test_world_truth_always_wins" time="0.003" /><testcase classname="tests.test_memory_admission_rejection" name="test_reject_invalid_authority" time="0.002" /><testcase classname="tests.test_memory_admission_rejection" name="test_reject_low_confidence" time="0.002" /><testcase classname="tests.test_memory_admission_rejection" name="test_reject_high_emotional_weight" time="0.002" /><testcase classname="tests.test_memory_admission_rejection" name="test_reject_expired_world_time" time="0.002" /><testcase classname="tests.test_memory_admission_rejection" name="test_reject_contradicts_higher_authority" time="0.004" /><testcase classname="tests.test_memory_admission_rejection" name="test_no_false_conflicts" time="0.004" /><testcase classname="tests.test_memory_admission_supersede" name="test_supersede_higher_authority" time="0.005" /><testcase classname="tests.test_memory_admission_supersede" name="test_supersede_higher_confidence" time="0.003" /><testcase classname="tests.test_memory_admission_supersede" name="test_supersede_more_recent" time="0.003" /><testcase classname="tests.test_memory_admission_supersede" name="test_no_supersede_lower_authority" time="0.007" /><testcase classname="tests.test_semantic_update" name="test_semantic_update_protection_and_lineage" time="0.006" /></testsuite></testsuites>