<?xml version="1.0" encoding="utf-8"?><testsuites name="pytest tests"><testsuite name="pytest" errors="0" failures="0" skipped="0" tests="15" time="0.056" timestamp="2026-09-09T09:36:00.935535+10:00" hostname="localhost"><testcase classname="tests.test_authority_resolver_p0" name="test_p0_owner_is_never_hardcoded" time="0.001" /><testcase classname="tests.test_authority_resolver_p0" name="test_p0_contract_has_no_free_text_property_extraction" time="0.000" /><testcase classname="tests.test_authority_resolver_p0" name="test_p0_unrelated_fact_same_subject_is_not_conflict" time="0.000" /><testcase classname="tests.test_authority_resolver_p0" name="test_same_slot_current_different_value_is_conflict" time="0.000" /><testcase classname="tests.test_authority_resolver_p0" name="test_opposite_polarity_same_value_is_conflict" time="0.000" /><testcase classname="tests.test_authority_resolver_p0" name="test_temporal_change_is_not_conflict_by_default" time="0.000" /><testcase classname="tests.test_authority_resolver_p0" name="test_same_historical_anchor_can_conflict" time="0.000" /><testcase classname="tests.test_authority_resolver_p0" name="test_superseded_candidate_is_not_target" time="0.000" /><testcase classname="tests.test_authority_resolver_p0" name="test_multiple_conflicts_hold_instead_of_guessing" time="0.000" /><testcase classname="tests.test_authority_resolver_p0" name="test_structured_claim_kind_classification" time="0.000" /><testcase classname="tests.test_authority_resolver_p0" name="test_world_truth_and_observation_require_explicit_trusted_evidence" time="0.000" /><testcase classname="tests.test_authority_resolver_p0" name="test_confidence_never_promotes_belief_authority" time="0.000" /><testcase classname="tests.test_authority_resolver_p0" name="test_invalid_abstained_and_ambiguous_claims_hold" time="0.000" /><testcase classname="tests.test_authority_resolver_p0" name="test_non_assertive_act_never_selects_contradiction" time="0.000" /><testcase classname="tests.test_authority_resolver_p0" name="test_evidence_port_is_read_only_by_construction" time="0.000" /></testsuite></testsuites>